This is pdfTeX, Version 3.1415926-2.6-1.40.14 (TeX Live 2014/dev) (format=pdflatex 2015.4.3)  19 MAY 2015 21:43
entering extended mode
 \write18 enabled.
 %&-line parsing enabled.
**projekt
(./projekt.tex
LaTeX2e <2011/06/27>
Babel <3.9h> and hyphenation patterns for 75 languages loaded.
(./fitthesis.cls
Document Class: fitthesis 2007/04/13 Sablona pro BP/DP
(/usr/share/texlive/texmf-dist/tex/latex/base/report.cls
Document Class: report 2007/10/19 v1.4h Standard LaTeX document class
(/usr/share/texlive/texmf-dist/tex/latex/base/size11.clo
File: size11.clo 2007/10/19 v1.4h Standard LaTeX file (size option)
)
\c@part=\count79
\c@chapter=\count80
\c@section=\count81
\c@subsection=\count82
\c@subsubsection=\count83
\c@paragraph=\count84
\c@subparagraph=\count85
\c@figure=\count86
\c@table=\count87
\abovecaptionskip=\skip41
\belowcaptionskip=\skip42
\bibindent=\dimen102
)
(/usr/share/texlive/texmf-dist/tex/latex/amsmath/amsmath.sty
Package: amsmath 2013/01/14 v2.14 AMS math features
\@mathmargin=\skip43

For additional information on amsmath, use the `?' option.
(/usr/share/texlive/texmf-dist/tex/latex/amsmath/amstext.sty
Package: amstext 2000/06/29 v2.01

(/usr/share/texlive/texmf-dist/tex/latex/amsmath/amsgen.sty
File: amsgen.sty 1999/11/30 v2.0
\@emptytoks=\toks14
\ex@=\dimen103
))
(/usr/share/texlive/texmf-dist/tex/latex/amsmath/amsbsy.sty
Package: amsbsy 1999/11/29 v1.2d
\pmbraise@=\dimen104
)
(/usr/share/texlive/texmf-dist/tex/latex/amsmath/amsopn.sty
Package: amsopn 1999/12/14 v2.01 operator names
)
\inf@bad=\count88
LaTeX Info: Redefining \frac on input line 210.
\uproot@=\count89
\leftroot@=\count90
LaTeX Info: Redefining \overline on input line 306.
\classnum@=\count91
\DOTSCASE@=\count92
LaTeX Info: Redefining \ldots on input line 378.
LaTeX Info: Redefining \dots on input line 381.
LaTeX Info: Redefining \cdots on input line 466.
\Mathstrutbox@=\box26
\strutbox@=\box27
\big@size=\dimen105
LaTeX Font Info:    Redeclaring font encoding OML on input line 566.
LaTeX Font Info:    Redeclaring font encoding OMS on input line 567.
\macc@depth=\count93
\c@MaxMatrixCols=\count94
\dotsspace@=\muskip10
\c@parentequation=\count95
\dspbrk@lvl=\count96
\tag@help=\toks15
\row@=\count97
\column@=\count98
\maxfields@=\count99
\andhelp@=\toks16
\eqnshift@=\dimen106
\alignsep@=\dimen107
\tagshift@=\dimen108
\tagwidth@=\dimen109
\totwidth@=\dimen110
\lineht@=\dimen111
\@envbody=\toks17
\multlinegap=\skip44
\multlinetaggap=\skip45
\mathdisplay@stack=\toks18
LaTeX Info: Redefining \[ on input line 2665.
LaTeX Info: Redefining \] on input line 2666.
)
(/usr/share/texlive/texmf-dist/tex/latex/amsfonts/amssymb.sty
Package: amssymb 2013/01/14 v3.01 AMS font symbols

(/usr/share/texlive/texmf-dist/tex/latex/amsfonts/amsfonts.sty
Package: amsfonts 2013/01/14 v3.01 Basic AMSFonts support
\symAMSa=\mathgroup4
\symAMSb=\mathgroup5
LaTeX Font Info:    Overwriting math alphabet `\mathfrak' in version `bold'
(Font)                  U/euf/m/n --> U/euf/b/n on input line 106.
))
(/usr/share/texlive/texmf-dist/tex/generic/babel/babel.sty
Package: babel 2013/12/03 3.9h The Babel package

(/usr/share/texlive/texmf-dist/tex/generic/babel-czech/czech.ldf
Language: czech 2008/07/06 v3.1a Czech support from the babel system

(/usr/share/texlive/texmf-dist/tex/generic/babel/babel.def
File: babel.def 2013/12/03 3.9h Babel common definitions
\babel@savecnt=\count100
\U@D=\dimen112
)
Package babel Info: Making " an active character on input line 172.
\cs@wordlen=\count101
Package babel Info: Making - an active character on input line 226.
)
(/usr/share/texlive/texmf-dist/tex/generic/babel-english/english.ldf
Language: english 2012/08/20 v3.3p English support from the babel system
\l@canadian = a dialect from \language\l@american 
\l@australian = a dialect from \language\l@british 
\l@newzealand = a dialect from \language\l@british 
))
(/usr/share/texlive/texmf-dist/tex/latex/base/inputenc.sty
Package: inputenc 2008/03/30 v1.1d Input encoding file
\inpenc@prehook=\toks19
\inpenc@posthook=\toks20

(/usr/share/texlive/texmf-dist/tex/latex/base/latin2.def
File: latin2.def 2008/03/30 v1.1d Input encoding file
))
(/usr/share/texlive/texmf-dist/tex/latex/graphics/graphicx.sty
Package: graphicx 1999/02/16 v1.0f Enhanced LaTeX Graphics (DPC,SPQR)

(/usr/share/texlive/texmf-dist/tex/latex/graphics/keyval.sty
Package: keyval 1999/03/16 v1.13 key=value parser (DPC)
\KV@toks@=\toks21
)
(/usr/share/texlive/texmf-dist/tex/latex/graphics/graphics.sty
Package: graphics 2009/02/05 v1.0o Standard LaTeX Graphics (DPC,SPQR)

(/usr/share/texlive/texmf-dist/tex/latex/graphics/trig.sty
Package: trig 1999/03/16 v1.09 sin cos tan (DPC)
)
(/usr/share/texlive/texmf-dist/tex/latex/latexconfig/graphics.cfg
File: graphics.cfg 2010/04/23 v1.9 graphics configuration of TeX Live
)
Package graphics Info: Driver file: pdftex.def on input line 91.

(/usr/share/texlive/texmf-dist/tex/latex/pdftex-def/pdftex.def
File: pdftex.def 2011/05/27 v0.06d Graphics/color for pdfTeX

(/usr/share/texlive/texmf-dist/tex/generic/oberdiek/infwarerr.sty
Package: infwarerr 2010/04/08 v1.3 Providing info/warning/error messages (HO)
)
(/usr/share/texlive/texmf-dist/tex/generic/oberdiek/ltxcmds.sty
Package: ltxcmds 2011/11/09 v1.22 LaTeX kernel commands for general use (HO)
)
\Gread@gobject=\count102
))
\Gin@req@height=\dimen113
\Gin@req@width=\dimen114
)
\mkspc=\skip46
)
(/usr/share/texlive/texmf-dist/tex/latex/base/fontenc.sty
Package: fontenc 2005/09/27 v1.99g Standard LaTeX package

(/usr/share/texlive/texmf-dist/tex/latex/base/t1enc.def
File: t1enc.def 2005/09/27 v1.99g Standard LaTeX file
LaTeX Font Info:    Redeclaring font encoding T1 on input line 43.
)
(/usr/share/texlive/texmf-dist/tex/cslatex/base/il2enc.def
File: il2enc.def 1997/08/20 CSLaTeX
)
LaTeX Font Info:    Try loading font information for IL2+cmr on input line 100.


(/usr/share/texlive/texmf-dist/tex/cslatex/base/il2cmr.fd
File: il2cmr.fd 1997/02/06 CSLaTeX font definitions
))
(/usr/share/texlive/texmf-dist/tex/latex/url/url.sty
\Urlmuskip=\muskip11
Package: url 2006/04/12  ver 3.3  Verb mode for urls, etc.
)
(/usr/share/texlive/texmf-dist/tex/generic/dirtree/dirtree.sty
Package: dirtree 2012/12/11 v0.32 package wrapper for dirtree

(/usr/share/texlive/texmf-dist/tex/generic/dirtree/dirtree.tex
`dirtree' v0.32, 2012/12/11 (jcc)
\DT@offset=\dimen115
\DT@width=\dimen116
\DT@sep=\dimen117
\DT@all=\dimen118
\DT@rulewidth=\dimen119
\DT@dotwidth=\dimen120
\DTbaselineskip=\dimen121
\DT@counti=\count103
\DT@countii=\count104
\DT@countiii=\count105
\DT@countiv=\count106
\DT@indent=\dimen122
\DT@parskip=\dimen123
\DT@baselineskip=\dimen124
)
File: dirtree.tex 2012/12/11 v0.32 `dirtree' (jcc)
)
(/usr/share/texlive/texmf-dist/tex/latex/float/float.sty
Package: float 2001/11/08 v1.3d Float enhancements (AL)
\c@float@type=\count107
\float@exts=\toks22
\float@box=\box28
\@float@everytoks=\toks23
\@floatcapt=\box29
)
(/usr/share/texlive/texmf-dist/tex/latex/svg/svg.sty
Package: svg 2012/09/05 v1.0 SVG inclusion and extraction

(/usr/share/texlive/texmf-dist/tex/latex/xkeyval/xkeyval.sty
Package: xkeyval 2012/10/14 v2.6b package option processing (HA)

(/usr/share/texlive/texmf-dist/tex/generic/xkeyval/xkeyval.tex
\XKV@toks=\toks24
\XKV@tempa@toks=\toks25
\XKV@depth=\count108
File: xkeyval.tex 2012/10/14 v2.6b key=value parser (HA)
))
(/usr/share/texlive/texmf-dist/tex/latex/subfig/subfig.sty
Package: subfig 2005/06/28 ver: 1.3 subfig package

(/usr/share/texlive/texmf-dist/tex/latex/caption/caption.sty
Package: caption 2013/05/02 v3.3-89 Customizing captions (AR)

(/usr/share/texlive/texmf-dist/tex/latex/caption/caption3.sty
Package: caption3 2013/05/02 v1.6-88 caption3 kernel (AR)
Package caption3 Info: TeX engine: e-TeX on input line 57.
\captionmargin=\dimen125
\captionmargin@=\dimen126
\captionwidth=\dimen127
\caption@tempdima=\dimen128
\caption@indent=\dimen129
\caption@parindent=\dimen130
\caption@hangindent=\dimen131
)
\c@ContinuedFloat=\count109
Package caption Info: float package is loaded.
)
\c@KVtest=\count110
\sf@farskip=\skip47
\sf@captopadj=\dimen132
\sf@capskip=\skip48
\sf@nearskip=\skip49
\c@subfigure=\count111
\c@subfigure@save=\count112
\c@lofdepth=\count113
\c@subtable=\count114
\c@subtable@save=\count115
\c@lotdepth=\count116
\sf@top=\skip50
\sf@bottom=\skip51
)
(/usr/share/texlive/texmf-dist/tex/latex/import/import.sty
Package: import 2009/03/23  v 5.1
)
(/usr/share/texlive/texmf-dist/tex/latex/oberdiek/transparent.sty
Package: transparent 2007/01/08 v1.0 Transparency via pdfTeX's color stack (HO)


(/usr/share/texlive/texmf-dist/tex/generic/oberdiek/ifpdf.sty
Package: ifpdf 2011/01/30 v2.3 Provides the ifpdf switch (HO)
Package ifpdf Info: pdfTeX in PDF mode is detected.
)
(/usr/share/texlive/texmf-dist/tex/latex/oberdiek/auxhook.sty
Package: auxhook 2011/03/04 v1.3 Hooks for auxiliary files (HO)
))
(/usr/share/texlive/texmf-dist/tex/latex/xcolor/xcolor.sty
Package: xcolor 2007/01/21 v2.11 LaTeX color extensions (UK)

(/usr/share/texlive/texmf-dist/tex/latex/latexconfig/color.cfg
File: color.cfg 2007/01/18 v1.5 color configuration of teTeX/TeXLive
)
Package xcolor Info: Driver file: pdftex.def on input line 225.
Package xcolor Info: Model `cmy' substituted by `cmy0' on input line 1337.
Package xcolor Info: Model `hsb' substituted by `rgb' on input line 1341.
Package xcolor Info: Model `RGB' extended on input line 1353.
Package xcolor Info: Model `HTML' substituted by `rgb' on input line 1355.
Package xcolor Info: Model `Hsb' substituted by `hsb' on input line 1356.
Package xcolor Info: Model `tHsb' substituted by `hsb' on input line 1357.
Package xcolor Info: Model `HSB' substituted by `hsb' on input line 1358.
Package xcolor Info: Model `Gray' substituted by `gray' on input line 1359.
Package xcolor Info: Model `wave' substituted by `hsb' on input line 1360.
)
\SVG@out@width=\skip52
\SVG@out@height=\skip53
\c@svgfigure=\count117
)
(/usr/share/texlive/texmf-dist/tex/latex/tablefootnote/tablefootnote.sty
Package: tablefootnote 2012/07/29 v1.0h Table foot notes (HMM)

(/usr/share/texlive/texmf-dist/tex/latex/oberdiek/letltxmacro.sty
Package: letltxmacro 2010/09/02 v1.4 Let assignment for LaTeX macros (HO)
)
(/usr/share/texlive/texmf-dist/tex/latex/etoolbox/etoolbox.sty
Package: etoolbox 2011/01/03 v2.1 e-TeX tools for LaTeX

(/usr/share/texlive/texmf-dist/tex/latex/etex-pkg/etex.sty
Package: etex 1998/03/26 v2.0 eTeX basic definition package (PEB)
\et@xins=\count118
)
\etb@tempcnta=\count119
))
(/usr/share/texlive/texmf-dist/tex/latex/hyperref/hyperref.sty
Package: hyperref 2012/11/06 v6.83m Hypertext links for LaTeX

(/usr/share/texlive/texmf-dist/tex/generic/oberdiek/hobsub-hyperref.sty
Package: hobsub-hyperref 2012/05/28 v1.13 Bundle oberdiek, subset hyperref (HO)


(/usr/share/texlive/texmf-dist/tex/generic/oberdiek/hobsub-generic.sty
Package: hobsub-generic 2012/05/28 v1.13 Bundle oberdiek, subset generic (HO)
Package: hobsub 2012/05/28 v1.13 Construct package bundles (HO)
Package hobsub Info: Skipping package `infwarerr' (already loaded).
Package hobsub Info: Skipping package `ltxcmds' (already loaded).
Package: ifluatex 2010/03/01 v1.3 Provides the ifluatex switch (HO)
Package ifluatex Info: LuaTeX not detected.
Package: ifvtex 2010/03/01 v1.5 Detect VTeX and its facilities (HO)
Package ifvtex Info: VTeX not detected.
Package: intcalc 2007/09/27 v1.1 Expandable calculations with integers (HO)
Package hobsub Info: Skipping package `ifpdf' (already loaded).
Package: etexcmds 2011/02/16 v1.5 Avoid name clashes with e-TeX commands (HO)
Package etexcmds Info: Could not find \expanded.
(etexcmds)             That can mean that you are not using pdfTeX 1.50 or
(etexcmds)             that some package has redefined \expanded.
(etexcmds)             In the latter case, load this package earlier.
Package: kvsetkeys 2012/04/25 v1.16 Key value parser (HO)
Package: kvdefinekeys 2011/04/07 v1.3 Define keys (HO)
Package: pdftexcmds 2011/11/29 v0.20 Utility functions of pdfTeX for LuaTeX (HO
)
Package pdftexcmds Info: LuaTeX not detected.
Package pdftexcmds Info: \pdf@primitive is available.
Package pdftexcmds Info: \pdf@ifprimitive is available.
Package pdftexcmds Info: \pdfdraftmode found.
Package: pdfescape 2011/11/25 v1.13 Implements pdfTeX's escape features (HO)
Package: bigintcalc 2012/04/08 v1.3 Expandable calculations on big integers (HO
)
Package: bitset 2011/01/30 v1.1 Handle bit-vector datatype (HO)
Package: uniquecounter 2011/01/30 v1.2 Provide unlimited unique counter (HO)
)
Package hobsub Info: Skipping package `hobsub' (already loaded).
Package hobsub Info: Skipping package `letltxmacro' (already loaded).
Package: hopatch 2012/05/28 v1.2 Wrapper for package hooks (HO)
Package: xcolor-patch 2011/01/30 xcolor patch
Package: atveryend 2011/06/30 v1.8 Hooks at the very end of document (HO)
Package: atbegshi 2011/10/05 v1.16 At begin shipout hook (HO)
Package: refcount 2011/10/16 v3.4 Data extraction from label references (HO)
Package: hycolor 2011/01/30 v1.7 Color options for hyperref/bookmark (HO)
)
(/usr/share/texlive/texmf-dist/tex/generic/ifxetex/ifxetex.sty
Package: ifxetex 2010/09/12 v0.6 Provides ifxetex conditional
)
(/usr/share/texlive/texmf-dist/tex/latex/oberdiek/kvoptions.sty
Package: kvoptions 2011/06/30 v3.11 Key value format for package options (HO)
)
\@linkdim=\dimen133
\Hy@linkcounter=\count120
\Hy@pagecounter=\count121

(/usr/share/texlive/texmf-dist/tex/latex/hyperref/pd1enc.def
File: pd1enc.def 2012/11/06 v6.83m Hyperref: PDFDocEncoding definition (HO)
)
\Hy@SavedSpaceFactor=\count122

(/usr/share/texlive/texmf-dist/tex/latex/latexconfig/hyperref.cfg
File: hyperref.cfg 2002/06/06 v1.2 hyperref configuration of TeXLive
)
Package hyperref Info: Option `unicode' set `true' on input line 4319.

(/usr/share/texlive/texmf-dist/tex/latex/hyperref/puenc.def
File: puenc.def 2012/11/06 v6.83m Hyperref: PDF Unicode definition (HO)
)
Package hyperref Info: Option `colorlinks' set `true' on input line 4319.
Package hyperref Info: Option `hyperindex' set `true' on input line 4319.
Package hyperref Info: Option `plainpages' set `false' on input line 4319.
Package hyperref Info: Hyper figures OFF on input line 4443.
Package hyperref Info: Link nesting OFF on input line 4448.
Package hyperref Info: Hyper index ON on input line 4451.
Package hyperref Info: Plain pages OFF on input line 4458.
Package hyperref Info: Backreferencing OFF on input line 4463.
Package hyperref Info: Implicit mode ON; LaTeX internals redefined.
Package hyperref Info: Bookmarks ON on input line 4688.
\c@Hy@tempcnt=\count123
LaTeX Info: Redefining \url on input line 5041.
\XeTeXLinkMargin=\dimen134
\Fld@menulength=\count124
\Field@Width=\dimen135
\Fld@charsize=\dimen136
Package hyperref Info: Hyper figures OFF on input line 6295.
Package hyperref Info: Link nesting OFF on input line 6300.
Package hyperref Info: Hyper index ON on input line 6303.
Package hyperref Info: backreferencing OFF on input line 6310.
Package hyperref Info: Link coloring ON on input line 6313.
Package hyperref Info: Link coloring with OCG OFF on input line 6320.
Package hyperref Info: PDF/A mode OFF on input line 6325.
LaTeX Info: Redefining \ref on input line 6365.
LaTeX Info: Redefining \pageref on input line 6369.
\Hy@abspage=\count125
\c@Item=\count126
\c@Hfootnote=\count127
)

Package hyperref Message: Driver: hpdftex.

(/usr/share/texlive/texmf-dist/tex/latex/hyperref/hpdftex.def
File: hpdftex.def 2012/11/06 v6.83m Hyperref driver for pdfTeX
\Fld@listcount=\count128
\c@bookmark@seq@number=\count129

(/usr/share/texlive/texmf-dist/tex/latex/oberdiek/rerunfilecheck.sty
Package: rerunfilecheck 2011/04/15 v1.7 Rerun checks for auxiliary files (HO)
Package uniquecounter Info: New unique counter `rerunfilecheck' on input line 2
82.
)
\Hy@SectionHShift=\skip54
)
(./projekt.aux

LaTeX Warning: Label `tab:db_classes' multiply defined.

)
\openout1 = `projekt.aux'.

LaTeX Font Info:    Checking defaults for OML/cmm/m/it on input line 115.
LaTeX Font Info:    ... okay on input line 115.
LaTeX Font Info:    Checking defaults for T1/cmr/m/n on input line 115.
LaTeX Font Info:    ... okay on input line 115.
LaTeX Font Info:    Checking defaults for OT1/cmr/m/n on input line 115.
LaTeX Font Info:    ... okay on input line 115.
LaTeX Font Info:    Checking defaults for OMS/cmsy/m/n on input line 115.
LaTeX Font Info:    ... okay on input line 115.
LaTeX Font Info:    Checking defaults for OMX/cmex/m/n on input line 115.
LaTeX Font Info:    ... okay on input line 115.
LaTeX Font Info:    Checking defaults for U/cmr/m/n on input line 115.
LaTeX Font Info:    ... okay on input line 115.
LaTeX Font Info:    Checking defaults for IL2/cmr/m/n on input line 115.
LaTeX Font Info:    ... okay on input line 115.
LaTeX Font Info:    Checking defaults for PD1/pdf/m/n on input line 115.
LaTeX Font Info:    ... okay on input line 115.
LaTeX Font Info:    Checking defaults for PU/pdf/m/n on input line 115.
LaTeX Font Info:    ... okay on input line 115.
 (/usr/share/texlive/texmf-dist/tex/context/base/supp-pdf.mkii
[Loading MPS to PDF converter (version 2006.09.02).]
\scratchcounter=\count130
\scratchdimen=\dimen137
\scratchbox=\box30
\nofMPsegments=\count131
\nofMParguments=\count132
\everyMPshowfont=\toks26
\MPscratchCnt=\count133
\MPscratchDim=\dimen138
\MPnumerator=\count134
\makeMPintoPDFobject=\count135
\everyMPtoPDFconversion=\toks27
) (/usr/share/texlive/texmf-dist/tex/latex/oberdiek/epstopdf-base.sty
Package: epstopdf-base 2010/02/09 v2.5 Base part for package epstopdf

(/usr/share/texlive/texmf-dist/tex/latex/oberdiek/grfext.sty
Package: grfext 2010/08/19 v1.1 Manage graphics extensions (HO)
)
Package grfext Info: Graphics extension search list:
(grfext)             [.pdf,.png,.jpg,.eps]
(grfext)             \AppendGraphicsExtensions on input line 452.

(/usr/share/texlive/texmf-dist/tex/latex/latexconfig/epstopdf-sys.cfg
File: epstopdf-sys.cfg 2010/07/13 v1.3 Configuration of (r)epstopdf for TeX Liv
e
))
Package caption Info: Begin \AtBeginDocument code.
Package caption Info: subfig package v1.3 is loaded.
Package caption Info: hyperref package is loaded.
Package caption Info: End \AtBeginDocument code.
\AtBeginShipoutBox=\box31
Package hyperref Info: Link coloring ON on input line 115.

(/usr/share/texlive/texmf-dist/tex/latex/hyperref/nameref.sty
Package: nameref 2012/10/27 v2.43 Cross-referencing by name of section

(/usr/share/texlive/texmf-dist/tex/generic/oberdiek/gettitlestring.sty
Package: gettitlestring 2010/12/03 v1.4 Cleanup title references (HO)
)
\c@section@level=\count136
)
LaTeX Info: Redefining \ref on input line 115.
LaTeX Info: Redefining \pageref on input line 115.
LaTeX Info: Redefining \nameref on input line 115.

(./projekt.out) (./projekt.out)
\@outlinefile=\write3
\openout3 = `projekt.out'.

LaTeX Font Info:    Try loading font information for IL2+phv on input line 121.


(/usr/share/texlive/texmf-dist/tex/cslatex/cspsfonts/il2phv.fd
File: il2phv.fd 1998/01/31 CS Helvetica
LaTeX Font Info:     CS Helvetica on input line 2.
LaTeX Font Info:    (C) Z. Wagner,1998/01/31 on input line 3.
LaTeX Font Info:    Created by CsPsFont utility v.1.0e (C) Z. Wagner, 1998/01/3
1 on input line 4.
) [1

{/usr/share/texlive/texmf-dist/fonts/map/pdftex/updmap/pdftex.map}]
\@obrlogo=\box32
\@rtext=\box33
\@vyskartext=\skip55
\@vyskaobr=\skip56

<fig/vut-zp2.pdf, id=122, 109.40875pt x 109.40875pt>
File: fig/vut-zp2.pdf Graphic file (type pdf)
 <use fig/vut-zp2.pdf>
Package pdftex.def Info: fig/vut-zp2.pdf used on input line 121.
(pdftex.def)             Requested size: 99.58464pt x 99.58546pt.

Overfull \hbox (109.58464pt too wide) in paragraph at lines 121--121
[][] 
 []

<fig/fit-zp2.pdf, id=123, 120.45pt x 120.45pt>
File: fig/fit-zp2.pdf Graphic file (type pdf)
 <use fig/fit-zp2.pdf>
Package pdftex.def Info: fig/fit-zp2.pdf used on input line 121.
(pdftex.def)             Requested size: 99.58464pt x 99.5875pt.

Overfull \hbox (109.58464pt too wide) in paragraph at lines 121--121
[][] 
 []

[2 <./fig/vut-zp2.pdf> <./fig/fit-zp2.pdf>]

LaTeX Font Warning: Font shape `IL2/cmr/m/n' in size <16> not available
(Font)              size <17.28> substituted on input line 121.


LaTeX Font Warning: Font shape `IL2/cmr/bx/n' in size <16> not available
(Font)              size <17.28> substituted on input line 121.

[3]

LaTeX Font Warning: Font shape `IL2/cmr/m/n' in size <18> not available
(Font)              size <17.28> substituted on input line 121.


LaTeX Font Warning: Font shape `IL2/cmr/bx/n' in size <18> not available
(Font)              size <17.28> substituted on input line 121.

LaTeX Font Info:    Try loading font information for OMS+cmr on input line 121.

(/usr/share/texlive/texmf-dist/tex/latex/base/omscmr.fd
File: omscmr.fd 1999/05/25 v2.5h Standard LaTeX font definitions
)
LaTeX Font Info:    Font shape `OMS/cmr/m/n' in size <10.95> not available
(Font)              Font shape `OMS/cmsy/m/n' tried instead on input line 121.
 [4] (./projekt.toc
LaTeX Font Info:    Try loading font information for U+msa on input line 4.

(/usr/share/texlive/texmf-dist/tex/latex/amsfonts/umsa.fd
File: umsa.fd 2013/01/14 v3.01 AMS symbols A
)
LaTeX Font Info:    Try loading font information for U+msb on input line 4.

(/usr/share/texlive/texmf-dist/tex/latex/amsfonts/umsb.fd
File: umsb.fd 2013/01/14 v3.01 AMS symbols B
))
\tf@toc=\write4
\openout4 = `projekt.toc'.

 (./obsah.texpdfTeX warning (ext4): destination with the same identifier (name{
page.1}) has been already used, duplicate ignored
<to be read again> 
                   \relax 
l.3 \chapter
            {Úvod} [1


]
Kapitola 1.
pdfTeX warning (ext4): destination with the same identifier (name{page.2}) has 
been already used, duplicate ignored
<to be read again> 
                   \relax 
l.16 \newpage
              [2

]
Kapitola 2.
LaTeX Font Info:    Try loading font information for IL2+cmtt on input line 25.

(/usr/share/texlive/texmf-dist/tex/cslatex/base/il2cmtt.fd
File: il2cmtt.fd 1997/08/20 CSLaTeX font definitions
)
<./fig/skipfish.png, id=188, 803.0pt x 510.90875pt>
File: ./fig/skipfish.png Graphic file (type png)
 <use ./fig/skipfish.png>
Package pdftex.def Info: ./fig/skipfish.png used on input line 33.
(pdftex.def)             Requested size: 401.49902pt x 255.45375pt.
pdfTeX warning (ext4): destination with the same identifier (name{page.3}) has 
been already used, duplicate ignored
<to be read again> 
                   \relax 
l.36 
      [3

] <./fig/httrack.png, id=200, 601.4972pt x 453.94594pt>
File: ./fig/httrack.png Graphic file (type png)

<use ./fig/httrack.png>
Package pdftex.def Info: ./fig/httrack.png used on input line 41.
(pdftex.def)             Requested size: 300.74786pt x 226.97241pt.
pdfTeX warning (ext4): destination with the same identifier (name{page.4}) has 
been already used, duplicate ignored
<to be read again> 
                   \relax 
l.44 
      [4 <./fig/skipfish.png>] [5 <./fig/httrack.png>] [6]
Kapitola 3.
[7

] [8] [9]
Kapitola 4.
[10

] <./fig/miner.pdf, id=266, 882.03545pt x 625.96065pt>
File: ./fig/miner.pdf Graphic file (type pdf)

<use ./fig/miner.pdf>
Package pdftex.def Info: ./fig/miner.pdf used on input line 174.
(pdftex.def)             Requested size: 369.88582pt x 262.49097pt.
 (./fig/miner.pdf_tex
<./fig/miner.pdf, id=267, page=1, 882.03545pt x 625.96065pt>
File: ./fig/miner.pdf Graphic file (type pdf)

<use ./fig/miner.pdf, page 1>
Package pdftex.def Info: ./fig/miner.pdf, page1 used on input line 52.
(pdftex.def)             Requested size: 369.88582pt x 262.49097pt.

<./fig/miner.pdf, id=268, page=2, 882.03545pt x 625.96065pt>
File: ./fig/miner.pdf Graphic file (type pdf)

<use ./fig/miner.pdf, page 2>
Package pdftex.def Info: ./fig/miner.pdf, page2 used on input line 54.
(pdftex.def)             Requested size: 369.88582pt x 262.49097pt.

<./fig/miner.pdf, id=269, page=3, 882.03545pt x 625.96065pt>
File: ./fig/miner.pdf Graphic file (type pdf)

<use ./fig/miner.pdf, page 3>
Package pdftex.def Info: ./fig/miner.pdf, page3 used on input line 56.
(pdftex.def)             Requested size: 369.88582pt x 262.49097pt.

<./fig/miner.pdf, id=270, page=4, 882.03545pt x 625.96065pt>
File: ./fig/miner.pdf Graphic file (type pdf)

<use ./fig/miner.pdf, page 4>
Package pdftex.def Info: ./fig/miner.pdf, page4 used on input line 58.
(pdftex.def)             Requested size: 369.88582pt x 262.49097pt.

<./fig/miner.pdf, id=271, page=5, 882.03545pt x 625.96065pt>
File: ./fig/miner.pdf Graphic file (type pdf)

<use ./fig/miner.pdf, page 5>
Package pdftex.def Info: ./fig/miner.pdf, page5 used on input line 60.
(pdftex.def)             Requested size: 369.88582pt x 262.49097pt.

<./fig/miner.pdf, id=272, page=6, 882.03545pt x 625.96065pt>
File: ./fig/miner.pdf Graphic file (type pdf)

<use ./fig/miner.pdf, page 6>
Package pdftex.def Info: ./fig/miner.pdf, page6 used on input line 62.
(pdftex.def)             Requested size: 369.88582pt x 262.49097pt.

<./fig/miner.pdf, id=273, page=7, 882.03545pt x 625.96065pt>
File: ./fig/miner.pdf Graphic file (type pdf)

<use ./fig/miner.pdf, page 7>
Package pdftex.def Info: ./fig/miner.pdf, page7 used on input line 64.
(pdftex.def)             Requested size: 369.88582pt x 262.49097pt.

<./fig/miner.pdf, id=274, page=8, 882.03545pt x 625.96065pt>
File: ./fig/miner.pdf Graphic file (type pdf)

<use ./fig/miner.pdf, page 8>
Package pdftex.def Info: ./fig/miner.pdf, page8 used on input line 66.
(pdftex.def)             Requested size: 369.88582pt x 262.49097pt.

<./fig/miner.pdf, id=275, page=9, 882.03545pt x 625.96065pt>
File: ./fig/miner.pdf Graphic file (type pdf)

<use ./fig/miner.pdf, page 9>
Package pdftex.def Info: ./fig/miner.pdf, page9 used on input line 68.
(pdftex.def)             Requested size: 369.88582pt x 262.49097pt.

<./fig/miner.pdf, id=276, page=10, 882.03545pt x 625.96065pt>
File: ./fig/miner.pdf Graphic file (type pdf)

<use ./fig/miner.pdf, page 10>
Package pdftex.def Info: ./fig/miner.pdf, page10 used on input line 73.
(pdftex.def)             Requested size: 369.88582pt x 262.49097pt.

<./fig/miner.pdf, id=277, page=11, 882.03545pt x 625.96065pt>
File: ./fig/miner.pdf Graphic file (type pdf)

<use ./fig/miner.pdf, page 11>
Package pdftex.def Info: ./fig/miner.pdf, page11 used on input line 75.
(pdftex.def)             Requested size: 369.88582pt x 262.49097pt.
) [11 <./fig/miner.pdf> <./fig/miner.pdf

pdfTeX warning: pdflatex (file ./fig/miner.pdf): PDF inclusion: multiple pdfs w
ith page group included in a single page
> <./fig/miner.pdf

pdfTeX warning: pdflatex (file ./fig/miner.pdf): PDF inclusion: multiple pdfs w
ith page group included in a single page
> <./fig/miner.pdf

pdfTeX warning: pdflatex (file ./fig/miner.pdf): PDF inclusion: multiple pdfs w
ith page group included in a single page
> <./fig/miner.pdf

pdfTeX warning: pdflatex (file ./fig/miner.pdf): PDF inclusion: multiple pdfs w
ith page group included in a single page
> <./fig/miner.pdf

pdfTeX warning: pdflatex (file ./fig/miner.pdf): PDF inclusion: multiple pdfs w
ith page group included in a single page
> <./fig/miner.pdf

pdfTeX warning: pdflatex (file ./fig/miner.pdf): PDF inclusion: multiple pdfs w
ith page group included in a single page
> <./fig/miner.pdf

pdfTeX warning: pdflatex (file ./fig/miner.pdf): PDF inclusion: multiple pdfs w
ith page group included in a single page
> <./fig/miner.pdf

pdfTeX warning: pdflatex (file ./fig/miner.pdf): PDF inclusion: multiple pdfs w
ith page group included in a single page
> <./fig/miner.pdf

pdfTeX warning: pdflatex (file ./fig/miner.pdf): PDF inclusion: multiple pdfs w
ith page group included in a single page
> <./fig/miner.pdf

pdfTeX warning: pdflatex (file ./fig/miner.pdf): PDF inclusion: multiple pdfs w
ith page group included in a single page
>] <./fig/clusters.pdf, id=288, 341.43306pt x 341.43306pt>
File: ./fig/clusters.pdf Graphic file (type pdf)

<use ./fig/clusters.pdf>
Package pdftex.def Info: ./fig/clusters.pdf used on input line 198.
(pdftex.def)             Requested size: 170.71652pt x 170.7213pt.
 (./fig/clusters.pdf_tex
<./fig/clusters.pdf, id=289, page=1, 341.43306pt x 341.43306pt>
File: ./fig/clusters.pdf Graphic file (type pdf)

<use ./fig/clusters.pdf, page 1>
Package pdftex.def Info: ./fig/clusters.pdf, page1 used on input line 52.
(pdftex.def)             Requested size: 170.71652pt x 170.7213pt.

<./fig/clusters.pdf, id=290, page=2, 341.43306pt x 341.43306pt>
File: ./fig/clusters.pdf Graphic file (type pdf)

<use ./fig/clusters.pdf, page 2>
Package pdftex.def Info: ./fig/clusters.pdf, page2 used on input line 54.
(pdftex.def)             Requested size: 170.71652pt x 170.7213pt.

<./fig/clusters.pdf, id=291, page=3, 341.43306pt x 341.43306pt>
File: ./fig/clusters.pdf Graphic file (type pdf)

<use ./fig/clusters.pdf, page 3>
Package pdftex.def Info: ./fig/clusters.pdf, page3 used on input line 56.
(pdftex.def)             Requested size: 170.71652pt x 170.7213pt.
) [12 <./fig/clusters.pdf> <./fig/clusters.pdf

pdfTeX warning: pdflatex (file ./fig/clusters.pdf): PDF inclusion: multiple pdf
s with page group included in a single page
> <./fig/clusters.pdf

pdfTeX warning: pdflatex (file ./fig/clusters.pdf): PDF inclusion: multiple pdf
s with page group included in a single page
>] <./fig/db-schema.pdf, id=306, 882.03545pt x 569.05513pt>
File: ./fig/db-schema.pdf Graphic file (type pdf)

<use ./fig/db-schema.pdf>
Package pdftex.def Info: ./fig/db-schema.pdf used on input line 240.
(pdftex.def)             Requested size: 398.33858pt x 256.99284pt.
 (./fig/db-schema.pdf_tex
<./fig/db-schema.pdf, id=307, page=1, 882.03545pt x 569.05513pt>
File: ./fig/db-schema.pdf Graphic file (type pdf)

<use ./fig/db-schema.pdf, page 1>
Package pdftex.def Info: ./fig/db-schema.pdf, page1 used on input line 52.
(pdftex.def)             Requested size: 398.33858pt x 256.99284pt.

<./fig/db-schema.pdf, id=308, page=2, 882.03545pt x 569.05513pt>
File: ./fig/db-schema.pdf Graphic file (type pdf)

<use ./fig/db-schema.pdf, page 2>
Package pdftex.def Info: ./fig/db-schema.pdf, page2 used on input line 54.
(pdftex.def)             Requested size: 398.33858pt x 256.99284pt.

<./fig/db-schema.pdf, id=309, page=3, 882.03545pt x 569.05513pt>
File: ./fig/db-schema.pdf Graphic file (type pdf)

<use ./fig/db-schema.pdf, page 3>
Package pdftex.def Info: ./fig/db-schema.pdf, page3 used on input line 57.
(pdftex.def)             Requested size: 398.33858pt x 256.99284pt.

<./fig/db-schema.pdf, id=310, page=4, 882.03545pt x 569.05513pt>
File: ./fig/db-schema.pdf Graphic file (type pdf)

<use ./fig/db-schema.pdf, page 4>
Package pdftex.def Info: ./fig/db-schema.pdf, page4 used on input line 60.
(pdftex.def)             Requested size: 398.33858pt x 256.99284pt.

<./fig/db-schema.pdf, id=311, page=5, 882.03545pt x 569.05513pt>
File: ./fig/db-schema.pdf Graphic file (type pdf)

<use ./fig/db-schema.pdf, page 5>
Package pdftex.def Info: ./fig/db-schema.pdf, page5 used on input line 63.
(pdftex.def)             Requested size: 398.33858pt x 256.99284pt.

<./fig/db-schema.pdf, id=312, page=6, 882.03545pt x 569.05513pt>
File: ./fig/db-schema.pdf Graphic file (type pdf)

<use ./fig/db-schema.pdf, page 6>
Package pdftex.def Info: ./fig/db-schema.pdf, page6 used on input line 65.
(pdftex.def)             Requested size: 398.33858pt x 256.99284pt.

<./fig/db-schema.pdf, id=313, page=7, 882.03545pt x 569.05513pt>
File: ./fig/db-schema.pdf Graphic file (type pdf)

<use ./fig/db-schema.pdf, page 7>
Package pdftex.def Info: ./fig/db-schema.pdf, page7 used on input line 68.
(pdftex.def)             Requested size: 398.33858pt x 256.99284pt.

<./fig/db-schema.pdf, id=314, page=8, 882.03545pt x 569.05513pt>
File: ./fig/db-schema.pdf Graphic file (type pdf)

<use ./fig/db-schema.pdf, page 8>
Package pdftex.def Info: ./fig/db-schema.pdf, page8 used on input line 71.
(pdftex.def)             Requested size: 398.33858pt x 256.99284pt.

<./fig/db-schema.pdf, id=315, page=9, 882.03545pt x 569.05513pt>
File: ./fig/db-schema.pdf Graphic file (type pdf)

<use ./fig/db-schema.pdf, page 9>
Package pdftex.def Info: ./fig/db-schema.pdf, page9 used on input line 74.
(pdftex.def)             Requested size: 398.33858pt x 256.99284pt.

<./fig/db-schema.pdf, id=316, page=10, 882.03545pt x 569.05513pt>
File: ./fig/db-schema.pdf Graphic file (type pdf)

<use ./fig/db-schema.pdf, page 10>
Package pdftex.def Info: ./fig/db-schema.pdf, page10 used on input line 76.
(pdftex.def)             Requested size: 398.33858pt x 256.99284pt.

<./fig/db-schema.pdf, id=317, page=11, 882.03545pt x 569.05513pt>
File: ./fig/db-schema.pdf Graphic file (type pdf)

<use ./fig/db-schema.pdf, page 11>
Package pdftex.def Info: ./fig/db-schema.pdf, page11 used on input line 79.
(pdftex.def)             Requested size: 398.33858pt x 256.99284pt.

<./fig/db-schema.pdf, id=318, page=12, 882.03545pt x 569.05513pt>
File: ./fig/db-schema.pdf Graphic file (type pdf)

<use ./fig/db-schema.pdf, page 12>
Package pdftex.def Info: ./fig/db-schema.pdf, page12 used on input line 82.
(pdftex.def)             Requested size: 398.33858pt x 256.99284pt.

<./fig/db-schema.pdf, id=319, page=13, 882.03545pt x 569.05513pt>
File: ./fig/db-schema.pdf Graphic file (type pdf)

<use ./fig/db-schema.pdf, page 13>
Package pdftex.def Info: ./fig/db-schema.pdf, page13 used on input line 85.
(pdftex.def)             Requested size: 398.33858pt x 256.99284pt.

<./fig/db-schema.pdf, id=320, page=14, 882.03545pt x 569.05513pt>
File: ./fig/db-schema.pdf Graphic file (type pdf)

<use ./fig/db-schema.pdf, page 14>
Package pdftex.def Info: ./fig/db-schema.pdf, page14 used on input line 88.
(pdftex.def)             Requested size: 398.33858pt x 256.99284pt.

<./fig/db-schema.pdf, id=321, page=15, 882.03545pt x 569.05513pt>
File: ./fig/db-schema.pdf Graphic file (type pdf)

<use ./fig/db-schema.pdf, page 15>
Package pdftex.def Info: ./fig/db-schema.pdf, page15 used on input line 91.
(pdftex.def)             Requested size: 398.33858pt x 256.99284pt.

<./fig/db-schema.pdf, id=322, page=16, 882.03545pt x 569.05513pt>
File: ./fig/db-schema.pdf Graphic file (type pdf)

<use ./fig/db-schema.pdf, page 16>
Package pdftex.def Info: ./fig/db-schema.pdf, page16 used on input line 94.
(pdftex.def)             Requested size: 398.33858pt x 256.99284pt.

<./fig/db-schema.pdf, id=323, page=17, 882.03545pt x 569.05513pt>
File: ./fig/db-schema.pdf Graphic file (type pdf)

<use ./fig/db-schema.pdf, page 17>
Package pdftex.def Info: ./fig/db-schema.pdf, page17 used on input line 96.
(pdftex.def)             Requested size: 398.33858pt x 256.99284pt.

<./fig/db-schema.pdf, id=324, page=18, 882.03545pt x 569.05513pt>
File: ./fig/db-schema.pdf Graphic file (type pdf)

<use ./fig/db-schema.pdf, page 18>
Package pdftex.def Info: ./fig/db-schema.pdf, page18 used on input line 99.
(pdftex.def)             Requested size: 398.33858pt x 256.99284pt.

<./fig/db-schema.pdf, id=325, page=19, 882.03545pt x 569.05513pt>
File: ./fig/db-schema.pdf Graphic file (type pdf)

<use ./fig/db-schema.pdf, page 19>
Package pdftex.def Info: ./fig/db-schema.pdf, page19 used on input line 102.
(pdftex.def)             Requested size: 398.33858pt x 256.99284pt.

<./fig/db-schema.pdf, id=326, page=20, 882.03545pt x 569.05513pt>
File: ./fig/db-schema.pdf Graphic file (type pdf)

<use ./fig/db-schema.pdf, page 20>
Package pdftex.def Info: ./fig/db-schema.pdf, page20 used on input line 105.
(pdftex.def)             Requested size: 398.33858pt x 256.99284pt.

<./fig/db-schema.pdf, id=327, page=21, 882.03545pt x 569.05513pt>
File: ./fig/db-schema.pdf Graphic file (type pdf)

<use ./fig/db-schema.pdf, page 21>
Package pdftex.def Info: ./fig/db-schema.pdf, page21 used on input line 108.
(pdftex.def)             Requested size: 398.33858pt x 256.99284pt.

<./fig/db-schema.pdf, id=328, page=22, 882.03545pt x 569.05513pt>
File: ./fig/db-schema.pdf Graphic file (type pdf)

<use ./fig/db-schema.pdf, page 22>
Package pdftex.def Info: ./fig/db-schema.pdf, page22 used on input line 111.
(pdftex.def)             Requested size: 398.33858pt x 256.99284pt.

<./fig/db-schema.pdf, id=329, page=23, 882.03545pt x 569.05513pt>
File: ./fig/db-schema.pdf Graphic file (type pdf)

<use ./fig/db-schema.pdf, page 23>
Package pdftex.def Info: ./fig/db-schema.pdf, page23 used on input line 113.
(pdftex.def)             Requested size: 398.33858pt x 256.99284pt.

<./fig/db-schema.pdf, id=330, page=24, 882.03545pt x 569.05513pt>
File: ./fig/db-schema.pdf Graphic file (type pdf)

<use ./fig/db-schema.pdf, page 24>
Package pdftex.def Info: ./fig/db-schema.pdf, page24 used on input line 115.
(pdftex.def)             Requested size: 398.33858pt x 256.99284pt.

<./fig/db-schema.pdf, id=331, page=25, 882.03545pt x 569.05513pt>
File: ./fig/db-schema.pdf Graphic file (type pdf)

<use ./fig/db-schema.pdf, page 25>
Package pdftex.def Info: ./fig/db-schema.pdf, page25 used on input line 117.
(pdftex.def)             Requested size: 398.33858pt x 256.99284pt.

<./fig/db-schema.pdf, id=332, page=26, 882.03545pt x 569.05513pt>
File: ./fig/db-schema.pdf Graphic file (type pdf)

<use ./fig/db-schema.pdf, page 26>
Package pdftex.def Info: ./fig/db-schema.pdf, page26 used on input line 120.
(pdftex.def)             Requested size: 398.33858pt x 256.99284pt.

<./fig/db-schema.pdf, id=333, page=27, 882.03545pt x 569.05513pt>
File: ./fig/db-schema.pdf Graphic file (type pdf)

<use ./fig/db-schema.pdf, page 27>
Package pdftex.def Info: ./fig/db-schema.pdf, page27 used on input line 123.
(pdftex.def)             Requested size: 398.33858pt x 256.99284pt.

<./fig/db-schema.pdf, id=334, page=28, 882.03545pt x 569.05513pt>
File: ./fig/db-schema.pdf Graphic file (type pdf)

<use ./fig/db-schema.pdf, page 28>
Package pdftex.def Info: ./fig/db-schema.pdf, page28 used on input line 126.
(pdftex.def)             Requested size: 398.33858pt x 256.99284pt.

<./fig/db-schema.pdf, id=335, page=29, 882.03545pt x 569.05513pt>
File: ./fig/db-schema.pdf Graphic file (type pdf)

<use ./fig/db-schema.pdf, page 29>
Package pdftex.def Info: ./fig/db-schema.pdf, page29 used on input line 128.
(pdftex.def)             Requested size: 398.33858pt x 256.99284pt.

<./fig/db-schema.pdf, id=336, page=30, 882.03545pt x 569.05513pt>
File: ./fig/db-schema.pdf Graphic file (type pdf)

<use ./fig/db-schema.pdf, page 30>
Package pdftex.def Info: ./fig/db-schema.pdf, page30 used on input line 131.
(pdftex.def)             Requested size: 398.33858pt x 256.99284pt.

<./fig/db-schema.pdf, id=337, page=31, 882.03545pt x 569.05513pt>
File: ./fig/db-schema.pdf Graphic file (type pdf)

<use ./fig/db-schema.pdf, page 31>
Package pdftex.def Info: ./fig/db-schema.pdf, page31 used on input line 134.
(pdftex.def)             Requested size: 398.33858pt x 256.99284pt.

<./fig/db-schema.pdf, id=338, page=32, 882.03545pt x 569.05513pt>
File: ./fig/db-schema.pdf Graphic file (type pdf)

<use ./fig/db-schema.pdf, page 32>
Package pdftex.def Info: ./fig/db-schema.pdf, page32 used on input line 137.
(pdftex.def)             Requested size: 398.33858pt x 256.99284pt.

<./fig/db-schema.pdf, id=339, page=33, 882.03545pt x 569.05513pt>
File: ./fig/db-schema.pdf Graphic file (type pdf)

<use ./fig/db-schema.pdf, page 33>
Package pdftex.def Info: ./fig/db-schema.pdf, page33 used on input line 139.
(pdftex.def)             Requested size: 398.33858pt x 256.99284pt.

<./fig/db-schema.pdf, id=340, page=34, 882.03545pt x 569.05513pt>
File: ./fig/db-schema.pdf Graphic file (type pdf)

<use ./fig/db-schema.pdf, page 34>
Package pdftex.def Info: ./fig/db-schema.pdf, page34 used on input line 142.
(pdftex.def)             Requested size: 398.33858pt x 256.99284pt.

<./fig/db-schema.pdf, id=341, page=35, 882.03545pt x 569.05513pt>
File: ./fig/db-schema.pdf Graphic file (type pdf)

<use ./fig/db-schema.pdf, page 35>
Package pdftex.def Info: ./fig/db-schema.pdf, page35 used on input line 145.
(pdftex.def)             Requested size: 398.33858pt x 256.99284pt.

<./fig/db-schema.pdf, id=342, page=36, 882.03545pt x 569.05513pt>
File: ./fig/db-schema.pdf Graphic file (type pdf)

<use ./fig/db-schema.pdf, page 36>
Package pdftex.def Info: ./fig/db-schema.pdf, page36 used on input line 148.
(pdftex.def)             Requested size: 398.33858pt x 256.99284pt.

<./fig/db-schema.pdf, id=343, page=37, 882.03545pt x 569.05513pt>
File: ./fig/db-schema.pdf Graphic file (type pdf)

<use ./fig/db-schema.pdf, page 37>
Package pdftex.def Info: ./fig/db-schema.pdf, page37 used on input line 151.
(pdftex.def)             Requested size: 398.33858pt x 256.99284pt.

<./fig/db-schema.pdf, id=344, page=38, 882.03545pt x 569.05513pt>
File: ./fig/db-schema.pdf Graphic file (type pdf)

<use ./fig/db-schema.pdf, page 38>
Package pdftex.def Info: ./fig/db-schema.pdf, page38 used on input line 154.
(pdftex.def)             Requested size: 398.33858pt x 256.99284pt.

<./fig/db-schema.pdf, id=345, page=39, 882.03545pt x 569.05513pt>
File: ./fig/db-schema.pdf Graphic file (type pdf)

<use ./fig/db-schema.pdf, page 39>
Package pdftex.def Info: ./fig/db-schema.pdf, page39 used on input line 157.
(pdftex.def)             Requested size: 398.33858pt x 256.99284pt.
) [13 <./fig/db-schema.pdf> <./fig/db-schema.pdf

pdfTeX warning: pdflatex (file ./fig/db-schema.pdf): PDF inclusion: multiple pd
fs with page group included in a single page
> <./fig/db-schema.pdf

pdfTeX warning: pdflatex (file ./fig/db-schema.pdf): PDF inclusion: multiple pd
fs with page group included in a single page
> <./fig/db-schema.pdf

pdfTeX warning: pdflatex (file ./fig/db-schema.pdf): PDF inclusion: multiple pd
fs with page group included in a single page
> <./fig/db-schema.pdf

pdfTeX warning: pdflatex (file ./fig/db-schema.pdf): PDF inclusion: multiple pd
fs with page group included in a single page
> <./fig/db-schema.pdf

pdfTeX warning: pdflatex (file ./fig/db-schema.pdf): PDF inclusion: multiple pd
fs with page group included in a single page
> <./fig/db-schema.pdf

pdfTeX warning: pdflatex (file ./fig/db-schema.pdf): PDF inclusion: multiple pd
fs with page group included in a single page
> <./fig/db-schema.pdf

pdfTeX warning: pdflatex (file ./fig/db-schema.pdf): PDF inclusion: multiple pd
fs with page group included in a single page
> <./fig/db-schema.pdf

pdfTeX warning: pdflatex (file ./fig/db-schema.pdf): PDF inclusion: multiple pd
fs with page group included in a single page
> <./fig/db-schema.pdf

pdfTeX warning: pdflatex (file ./fig/db-schema.pdf): PDF inclusion: multiple pd
fs with page group included in a single page
> <./fig/db-schema.pdf

pdfTeX warning: pdflatex (file ./fig/db-schema.pdf): PDF inclusion: multiple pd
fs with page group included in a single page
> <./fig/db-schema.pdf

pdfTeX warning: pdflatex (file ./fig/db-schema.pdf): PDF inclusion: multiple pd
fs with page group included in a single page
> <./fig/db-schema.pdf

pdfTeX warning: pdflatex (file ./fig/db-schema.pdf): PDF inclusion: multiple pd
fs with page group included in a single page
> <./fig/db-schema.pdf

pdfTeX warning: pdflatex (file ./fig/db-schema.pdf): PDF inclusion: multiple pd
fs with page group included in a single page
> <./fig/db-schema.pdf

pdfTeX warning: pdflatex (file ./fig/db-schema.pdf): PDF inclusion: multiple pd
fs with page group included in a single page
> <./fig/db-schema.pdf

pdfTeX warning: pdflatex (file ./fig/db-schema.pdf): PDF inclusion: multiple pd
fs with page group included in a single page
> <./fig/db-schema.pdf

pdfTeX warning: pdflatex (file ./fig/db-schema.pdf): PDF inclusion: multiple pd
fs with page group included in a single page
> <./fig/db-schema.pdf

pdfTeX warning: pdflatex (file ./fig/db-schema.pdf): PDF inclusion: multiple pd
fs with page group included in a single page
> <./fig/db-schema.pdf

pdfTeX warning: pdflatex (file ./fig/db-schema.pdf): PDF inclusion: multiple pd
fs with page group included in a single page
> <./fig/db-schema.pdf

pdfTeX warning: pdflatex (file ./fig/db-schema.pdf): PDF inclusion: multiple pd
fs with page group included in a single page
> <./fig/db-schema.pdf

pdfTeX warning: pdflatex (file ./fig/db-schema.pdf): PDF inclusion: multiple pd
fs with page group included in a single page
> <./fig/db-schema.pdf

pdfTeX warning: pdflatex (file ./fig/db-schema.pdf): PDF inclusion: multiple pd
fs with page group included in a single page
> <./fig/db-schema.pdf

pdfTeX warning: pdflatex (file ./fig/db-schema.pdf): PDF inclusion: multiple pd
fs with page group included in a single page
> <./fig/db-schema.pdf

pdfTeX warning: pdflatex (file ./fig/db-schema.pdf): PDF inclusion: multiple pd
fs with page group included in a single page
> <./fig/db-schema.pdf

pdfTeX warning: pdflatex (file ./fig/db-schema.pdf): PDF inclusion: multiple pd
fs with page group included in a single page
> <./fig/db-schema.pdf

pdfTeX warning: pdflatex (file ./fig/db-schema.pdf): PDF inclusion: multiple pd
fs with page group included in a single page
> <./fig/db-schema.pdf

pdfTeX warning: pdflatex (file ./fig/db-schema.pdf): PDF inclusion: multiple pd
fs with page group included in a single page
> <./fig/db-schema.pdf

pdfTeX warning: pdflatex (file ./fig/db-schema.pdf): PDF inclusion: multiple pd
fs with page group included in a single page
> <./fig/db-schema.pdf

pdfTeX warning: pdflatex (file ./fig/db-schema.pdf): PDF inclusion: multiple pd
fs with page group included in a single page
> <./fig/db-schema.pdf

pdfTeX warning: pdflatex (file ./fig/db-schema.pdf): PDF inclusion: multiple pd
fs with page group included in a single page
> <./fig/db-schema.pdf

pdfTeX warning: pdflatex (file ./fig/db-schema.pdf): PDF inclusion: multiple pd
fs with page group included in a single page
> <./fig/db-schema.pdf

pdfTeX warning: pdflatex (file ./fig/db-schema.pdf): PDF inclusion: multiple pd
fs with page group included in a single page
> <./fig/db-schema.pdf

pdfTeX warning: pdflatex (file ./fig/db-schema.pdf): PDF inclusion: multiple pd
fs with page group included in a single page
> <./fig/db-schema.pdf

pdfTeX warning: pdflatex (file ./fig/db-schema.pdf): PDF inclusion: multiple pd
fs with page group included in a single page
> <./fig/db-schema.pdf

pdfTeX warning: pdflatex (file ./fig/db-schema.pdf): PDF inclusion: multiple pd
fs with page group included in a single page
> <./fig/db-schema.pdf

pdfTeX warning: pdflatex (file ./fig/db-schema.pdf): PDF inclusion: multiple pd
fs with page group included in a single page
> <./fig/db-schema.pdf

pdfTeX warning: pdflatex (file ./fig/db-schema.pdf): PDF inclusion: multiple pd
fs with page group included in a single page
> <./fig/db-schema.pdf

pdfTeX warning: pdflatex (file ./fig/db-schema.pdf): PDF inclusion: multiple pd
fs with page group included in a single page
> <./fig/db-schema.pdf

pdfTeX warning: pdflatex (file ./fig/db-schema.pdf): PDF inclusion: multiple pd
fs with page group included in a single page
>] <./fig/reaper-projects.png, id=354, 731.73375pt x 511.15968pt>
File: ./fig/reaper-projects.png Graphic file (type png)

<use ./fig/reaper-projects.png>
Package pdftex.def Info: ./fig/reaper-projects.png used on input line 254.
(pdftex.def)             Requested size: 439.04364pt x 306.69817pt.

Overfull \hbox (6.56184pt too wide) in paragraph at lines 254--255
 [][] 
 []

<./fig/reaper-projectoptions.png, id=356, 731.73375pt x 511.15968pt>
File: ./fig/reaper-projectoptions.png Graphic file (type png)

<use ./fig/reaper-projectoptions.png>
Package pdftex.def Info: ./fig/reaper-projectoptions.png used on input line 264
.
(pdftex.def)             Requested size: 439.04364pt x 306.69817pt.

Overfull \hbox (6.56184pt too wide) in paragraph at lines 264--265
 [][] 
 []

[14 <./fig/reaper-projects.png>]
<./fig/reaper-results.png, id=363, 786.68906pt x 562.35094pt>
File: ./fig/reaper-results.png Graphic file (type png)

<use ./fig/reaper-results.png>
Package pdftex.def Info: ./fig/reaper-results.png used on input line 275.
(pdftex.def)             Requested size: 393.34357pt x 281.17477pt.
 [15 <./fig/reaper-projectoptions.png>]
<./fig/reaper-stats.png, id=371, 777.65532pt x 569.87906pt>
File: ./fig/reaper-stats.png Graphic file (type png)

<use ./fig/reaper-stats.png>
Package pdftex.def Info: ./fig/reaper-stats.png used on input line 283.
(pdftex.def)             Requested size: 388.8267pt x 284.93883pt.
 [16 <./fig/reaper-results.png>]
<./fig/web.png, id=377, 630.85687pt x 561.59813pt>
File: ./fig/web.png Graphic file (type png)
 <use ./fig/web.png>
Package pdftex.def Info: ./fig/web.png used on input line 293.
(pdftex.def)             Requested size: 410.05211pt x 365.03445pt.
 [17 <./fig/reaper-stats.png>] [18 <./fig/web.png>]
Kapitola 5.
[19

] [20]
Kapitola 6.
[21

]
Kapitola 7.
) (./projekt.bbl [22

]) (./prilohy.tex [23

]
P\v {r}\'{\i }loha A.
)
Package atveryend Info: Empty hook `BeforeClearDocument' on input line 147.
 [24

]
Package atveryend Info: Empty hook `AfterLastShipout' on input line 147.
 (./projekt.aux)
Package atveryend Info: Executing hook `AtVeryEndDocument' on input line 147.
Package atveryend Info: Executing hook `AtEndAfterFileList' on input line 147.
Package rerunfilecheck Info: File `projekt.out' has not changed.
(rerunfilecheck)             Checksum: D8A2F7CEE4B6B6774F6BB6A5D3822A86;3774.


LaTeX Font Warning: Size substitutions with differences
(Font)              up to 1.28pt have occurred.


LaTeX Warning: There were multiply-defined labels.

 ) 
Here is how much of TeX's memory you used:
 13000 strings out of 493344
 185027 string characters out of 6141393
 274807 words of memory out of 5000000
 16150 multiletter control sequences out of 15000+600000
 30106 words of font info for 73 fonts, out of 8000000 for 9000
 953 hyphenation exceptions out of 8191
 68i,14n,98p,883b,462s stack positions out of 5000i,500n,10000p,200000b,80000s
{/usr/share/texlive/texmf-dist/fonts/enc/dvips/cs/xl2.enc}</usr/share/texlive
/texmf-dist/fonts/type1/public/amsfonts/cm/cmsy10.pfb></usr/share/texlive/texmf
-dist/fonts/type1/public/cs/csbx10.pfb></usr/share/texlive/texmf-dist/fonts/typ
e1/public/cs/csbx12.pfb></usr/share/texlive/texmf-dist/fonts/type1/public/cs/cs
bx6.pfb></usr/share/texlive/texmf-dist/fonts/type1/public/cs/csr10.pfb></usr/sh
are/texlive/texmf-dist/fonts/type1/public/cs/csr6.pfb></usr/share/texlive/texmf
-dist/fonts/type1/public/cs/csr7.pfb></usr/share/texlive/texmf-dist/fonts/type1
/public/cs/csr8.pfb></usr/share/texlive/texmf-dist/fonts/type1/public/cs/csr9.p
fb></usr/share/texlive/texmf-dist/fonts/type1/public/cs/csti10.pfb></usr/share/
texlive/texmf-dist/fonts/type1/public/cs/cstt10.pfb></usr/share/texlive/texmf-d
ist/fonts/type1/urw/helvetic/uhvr8a.pfb>
Output written on projekt.pdf (28 pages, 741083 bytes).
PDF statistics:
 501 PDF objects out of 1000 (max. 8388607)
 385 compressed objects within 4 object streams
 90 named destinations out of 1000 (max. 500000)
 550 words of extra memory for PDF output out of 10000 (max. 10000000)

